<?xml version="1.0" encoding="utf-8"?><testsuites name="pytest tests"><testsuite name="pytest" errors="0" failures="10" skipped="0" tests="16" time="16.155" timestamp="2026-02-26T15:02:09.319090+00:00" hostname="agent-env-63c49e59-6c18-4f93-a54d-f755cce0cd78"><testcase classname="backend.tests.test_api_endpoints_v2.TestTownshipsAPI" name="test_townships_returns_873_records" time="0.330"><failure message="assert 502 == 200&#10; +  where 502 = &lt;Response [502]&gt;.status_code">backend/tests/test_api_endpoints_v2.py:19: in test_townships_returns_873_records
    assert response.status_code == 200
E   assert 502 == 200
E    +  where 502 = &lt;Response [502]&gt;.status_code</failure></testcase><testcase classname="backend.tests.test_api_endpoints_v2.TestTownshipsAPI" name="test_townships_search_sandton" time="0.125"><failure message="assert 502 == 200&#10; +  where 502 = &lt;Response [502]&gt;.status_code">backend/tests/test_api_endpoints_v2.py:30: in test_townships_search_sandton
    assert response.status_code == 200
E   assert 502 == 200
E    +  where 502 = &lt;Response [502]&gt;.status_code</failure></testcase><testcase classname="backend.tests.test_api_endpoints_v2.TestTownshipsAPI" name="test_townships_search_partial_sow" time="0.221"><failure message="assert 502 == 200&#10; +  where 502 = &lt;Response [502]&gt;.status_code">backend/tests/test_api_endpoints_v2.py:43: in test_townships_search_partial_sow
    assert response.status_code == 200
E   assert 502 == 200
E    +  where 502 = &lt;Response [502]&gt;.status_code</failure></testcase><testcase classname="backend.tests.test_api_endpoints_v2.TestOzowPaymentAPI" name="test_ozow_get_returns_404_for_fake_lease" time="0.215"><failure message="assert 502 == 404&#10; +  where 502 = &lt;Response [502]&gt;.status_code">backend/tests/test_api_endpoints_v2.py:59: in test_ozow_get_returns_404_for_fake_lease
    assert response.status_code == 404
E   assert 502 == 404
E    +  where 502 = &lt;Response [502]&gt;.status_code</failure></testcase><testcase classname="backend.tests.test_api_endpoints_v2.TestOzowPaymentAPI" name="test_ozow_post_returns_503_placeholder" time="0.141"><failure message="assert 502 == 503&#10; +  where 502 = &lt;Response [502]&gt;.status_code">backend/tests/test_api_endpoints_v2.py:72: in test_ozow_post_returns_503_placeholder
    assert response.status_code == 503
E   assert 502 == 503
E    +  where 502 = &lt;Response [502]&gt;.status_code</failure></testcase><testcase classname="backend.tests.test_api_endpoints_v2.TestPaymentHistoryAPI" name="test_payment_history_returns_empty_gracefully" time="0.221"><failure message="assert 502 == 200&#10; +  where 502 = &lt;Response [502]&gt;.status_code">backend/tests/test_api_endpoints_v2.py:88: in test_payment_history_returns_empty_gracefully
    assert response.status_code == 200
E   assert 502 == 200
E    +  where 502 = &lt;Response [502]&gt;.status_code</failure></testcase><testcase classname="backend.tests.test_api_endpoints_v2.TestPaymentHistoryAPI" name="test_payment_history_missing_user_id" time="0.142"><failure message="assert 502 == 400&#10; +  where 502 = &lt;Response [502]&gt;.status_code">backend/tests/test_api_endpoints_v2.py:104: in test_payment_history_missing_user_id
    assert response.status_code == 400
E   assert 502 == 400
E    +  where 502 = &lt;Response [502]&gt;.status_code</failure></testcase><testcase classname="backend.tests.test_api_endpoints_v2.TestPaymentNotifyWebhook" name="test_notify_accepts_post_requests" time="0.212"><failure message="assert 502 in [200, 403, 500]&#10; +  where 502 = &lt;Response [502]&gt;.status_code">backend/tests/test_api_endpoints_v2.py:127: in test_notify_accepts_post_requests
    assert response.status_code in [200, 403, 500]
E   assert 502 in [200, 403, 500]
E    +  where 502 = &lt;Response [502]&gt;.status_code</failure></testcase><testcase classname="backend.tests.test_api_endpoints_v2.TestNotificationsAPI" name="test_notifications_returns_empty_gracefully" time="0.162"><failure message="assert 502 == 200&#10; +  where 502 = &lt;Response [502]&gt;.status_code">backend/tests/test_api_endpoints_v2.py:136: in test_notifications_returns_empty_gracefully
    assert response.status_code == 200
E   assert 502 == 200
E    +  where 502 = &lt;Response [502]&gt;.status_code</failure></testcase><testcase classname="backend.tests.test_api_endpoints_v2.TestPropertiesByTownshipAPI" name="test_properties_by_township_soweto" time="0.117"><failure message="assert 502 == 200&#10; +  where 502 = &lt;Response [502]&gt;.status_code">backend/tests/test_api_endpoints_v2.py:151: in test_properties_by_township_soweto
    assert response.status_code == 200
E   assert 502 == 200
E    +  where 502 = &lt;Response [502]&gt;.status_code</failure></testcase><testcase classname="backend.tests.test_api_endpoints_v2.TestAuthPages" name="test_login_page_loads" time="2.287" /><testcase classname="backend.tests.test_api_endpoints_v2.TestAuthPages" name="test_register_page_loads" time="1.505" /><testcase classname="backend.tests.test_api_endpoints_v2.TestProtectedRoutes" name="test_landlord_leases_redirects_to_auth" time="2.050" /><testcase classname="backend.tests.test_api_endpoints_v2.TestProtectedRoutes" name="test_tenant_leases_redirects_to_auth" time="4.508" /><testcase classname="backend.tests.test_api_endpoints_v2.TestProtectedRoutes" name="test_tenant_payments_redirects_to_auth" time="3.299" /><testcase classname="backend.tests.test_api_endpoints_v2.TestHomePage" name="test_home_page_has_myyard_branding" time="0.257" /></testsuite></testsuites>