<?xml version="1.0" encoding="utf-8"?><testsuites name="pytest tests"><testsuite name="pytest" errors="0" failures="0" skipped="0" tests="8" time="1.283" timestamp="2026-02-26T13:22:04.297989+00:00" hostname="agent-env-63c49e59-6c18-4f93-a54d-f755cce0cd78"><testcase classname="backend.tests.test_api_endpoints.TestTownshipsAPI" name="test_townships_returns_873_records" time="0.016" /><testcase classname="backend.tests.test_api_endpoints.TestTownshipsAPI" name="test_townships_search_soweto" time="0.009" /><testcase classname="backend.tests.test_api_endpoints.TestTownshipsAPI" name="test_townships_search_partial_match" time="0.006" /><testcase classname="backend.tests.test_api_endpoints.TestPropertiesByTownshipAPI" name="test_properties_by_township_soweto" time="0.964" /><testcase classname="backend.tests.test_api_endpoints.TestPropertiesByTownshipAPI" name="test_properties_by_township_missing_param" time="0.044" /><testcase classname="backend.tests.test_api_endpoints.TestOzowPaymentAPI" name="test_ozow_returns_503_placeholder" time="0.020" /><testcase classname="backend.tests.test_api_endpoints.TestNotificationsAPI" name="test_notifications_returns_empty_array" time="0.080" /><testcase classname="backend.tests.test_api_endpoints.TestHomePageAPI" name="test_home_page_loads" time="0.098" /></testsuite></testsuites>