<?xml version="1.0" encoding="utf-8"?><testsuites name="pytest tests"><testsuite name="pytest" errors="0" failures="0" skipped="0" tests="16" time="2.927" timestamp="2026-02-26T15:03:23.362295+00:00" hostname="agent-env-63c49e59-6c18-4f93-a54d-f755cce0cd78"><testcase classname="backend.tests.test_api_endpoints_v2.TestTownshipsAPI" name="test_townships_returns_873_records" time="0.127" /><testcase classname="backend.tests.test_api_endpoints_v2.TestTownshipsAPI" name="test_townships_search_sandton" time="0.132" /><testcase classname="backend.tests.test_api_endpoints_v2.TestTownshipsAPI" name="test_townships_search_partial_sow" time="0.021" /><testcase classname="backend.tests.test_api_endpoints_v2.TestOzowPaymentAPI" name="test_ozow_get_returns_404_for_fake_lease" time="0.918" /><testcase classname="backend.tests.test_api_endpoints_v2.TestOzowPaymentAPI" name="test_ozow_post_returns_503_placeholder" time="0.007" /><testcase classname="backend.tests.test_api_endpoints_v2.TestPaymentHistoryAPI" name="test_payment_history_returns_empty_gracefully" time="0.339" /><testcase classname="backend.tests.test_api_endpoints_v2.TestPaymentHistoryAPI" name="test_payment_history_missing_user_id" time="0.043" /><testcase classname="backend.tests.test_api_endpoints_v2.TestPaymentNotifyWebhook" name="test_notify_accepts_post_requests" time="0.019" /><testcase classname="backend.tests.test_api_endpoints_v2.TestNotificationsAPI" name="test_notifications_returns_empty_gracefully" time="0.091" /><testcase classname="backend.tests.test_api_endpoints_v2.TestPropertiesByTownshipAPI" name="test_properties_by_township_soweto" time="0.724" /><testcase classname="backend.tests.test_api_endpoints_v2.TestAuthPages" name="test_login_page_loads" time="0.050" /><testcase classname="backend.tests.test_api_endpoints_v2.TestAuthPages" name="test_register_page_loads" time="0.103" /><testcase classname="backend.tests.test_api_endpoints_v2.TestProtectedRoutes" name="test_landlord_leases_redirects_to_auth" time="0.038" /><testcase classname="backend.tests.test_api_endpoints_v2.TestProtectedRoutes" name="test_tenant_leases_redirects_to_auth" time="0.060" /><testcase classname="backend.tests.test_api_endpoints_v2.TestProtectedRoutes" name="test_tenant_payments_redirects_to_auth" time="0.065" /><testcase classname="backend.tests.test_api_endpoints_v2.TestHomePage" name="test_home_page_has_myyard_branding" time="0.076" /></testsuite></testsuites>