<?xml version="1.0" encoding="utf-8"?><testsuites name="pytest tests"><testsuite name="pytest" errors="0" failures="1" skipped="0" tests="16" time="6.898" timestamp="2026-02-26T15:02:43.972777+00:00" hostname="agent-env-63c49e59-6c18-4f93-a54d-f755cce0cd78"><testcase classname="backend.tests.test_api_endpoints_v2.TestTownshipsAPI" name="test_townships_returns_873_records" time="0.133" /><testcase classname="backend.tests.test_api_endpoints_v2.TestTownshipsAPI" name="test_townships_search_sandton" time="0.096" /><testcase classname="backend.tests.test_api_endpoints_v2.TestTownshipsAPI" name="test_townships_search_partial_sow" time="0.008" /><testcase classname="backend.tests.test_api_endpoints_v2.TestOzowPaymentAPI" name="test_ozow_get_returns_404_for_fake_lease" time="0.786" /><testcase classname="backend.tests.test_api_endpoints_v2.TestOzowPaymentAPI" name="test_ozow_post_returns_503_placeholder" time="0.007" /><testcase classname="backend.tests.test_api_endpoints_v2.TestPaymentHistoryAPI" name="test_payment_history_returns_empty_gracefully" time="0.756"><failure message="AssertionError: assert 'summary' in {'payments': [], 'total': 0}">backend/tests/test_api_endpoints_v2.py:98: in test_payment_history_returns_empty_gracefully
    assert "summary" in data
E   AssertionError: assert 'summary' in {'payments': [], 'total': 0}</failure></testcase><testcase classname="backend.tests.test_api_endpoints_v2.TestPaymentHistoryAPI" name="test_payment_history_missing_user_id" time="0.042" /><testcase classname="backend.tests.test_api_endpoints_v2.TestPaymentNotifyWebhook" name="test_notify_accepts_post_requests" time="0.420" /><testcase classname="backend.tests.test_api_endpoints_v2.TestNotificationsAPI" name="test_notifications_returns_empty_gracefully" time="1.563" /><testcase classname="backend.tests.test_api_endpoints_v2.TestPropertiesByTownshipAPI" name="test_properties_by_township_soweto" time="2.372" /><testcase classname="backend.tests.test_api_endpoints_v2.TestAuthPages" name="test_login_page_loads" time="0.176" /><testcase classname="backend.tests.test_api_endpoints_v2.TestAuthPages" name="test_register_page_loads" time="0.089" /><testcase classname="backend.tests.test_api_endpoints_v2.TestProtectedRoutes" name="test_landlord_leases_redirects_to_auth" time="0.082" /><testcase classname="backend.tests.test_api_endpoints_v2.TestProtectedRoutes" name="test_tenant_leases_redirects_to_auth" time="0.051" /><testcase classname="backend.tests.test_api_endpoints_v2.TestProtectedRoutes" name="test_tenant_payments_redirects_to_auth" time="0.074" /><testcase classname="backend.tests.test_api_endpoints_v2.TestHomePage" name="test_home_page_has_myyard_branding" time="0.106" /></testsuite></testsuites>